<?xml version="1.0" encoding="UTF-8"?>
<testsuite xmlns:xsi="http://www.w3.org/2001/XMLSchema-instance" xsi:noNamespaceSchemaLocation="https://maven.apache.org/surefire/maven-surefire-plugin/xsd/surefire-test-report.xsd" name="examples.ExamplesTest" time="40.756" tests="7" errors="0" skipped="0" failures="2">
  <properties>
[...]
</properties>
  <testcase name="testAll[1][1]" classname="examples.ExamplesTest" time="7.509"/>
  <testcase name="testAll[2][1]" classname="examples.ExamplesTest" time="0.011">
    <failure message="createuser.feature:11 - &#10;org.apache.http.client.ClientProtocolException" type="org.opentest4j.AssertionFailedError">org.opentest4j.AssertionFailedError: 
createuser.feature:11 - 
org.apache.http.client.ClientProtocolException
</failure>
    <system-out><![CDATA[18:26:11.519 [main] INFO  com.intuit.karate - karate.env system property was:  
18:26:11.536 [main] ERROR com.intuit.karate - org.apache.http.client.ClientProtocolException, http call failed after 0 milliseconds for URL: public-api/users
18:26:11.536 [main] ERROR com.intuit.karate - http request failed: 
org.apache.http.client.ClientProtocolException
---------------------------------------------------------
feature: classpath:examples/users/createuser.feature
scenarios:  1 | passed:  0 | failed:  1 | time: 0.0161
---------------------------------------------------------

HTML report: (paste into browser to view) | Karate version: 0.9.5
file:/G:/VS%20Projects/karatedemo/karate-practice/target/surefire-reports/examples.users.createuser.html
---------------------------------------------------------

]]></system-out>
  </testcase>
  <testcase name="testAll[3][1]" classname="examples.ExamplesTest" time="0.013"/>
  <testcase name="testAll[4][1]" classname="examples.ExamplesTest" time="0.436">
    <failure message="gorestusers.feature:16 - path: $, actual: 1035, expected: 1024, reason: not equal (Integer)" type="org.opentest4j.AssertionFailedError">org.opentest4j.AssertionFailedError: gorestusers.feature:16 - path: $, actual: 1035, expected: 1024, reason: not equal (Integer)
</failure>
    <system-out><![CDATA[18:26:12.977 [main] INFO  com.intuit.karate - karate.env system property was:  
18:26:12.983 [main] DEBUG com.intuit.karate - request:
1 > GET https://gorest.co.in/public-api/users?status=active
1 > Accept-Encoding: gzip,deflate
1 > Authorization: Bearer IqdYcHkQRTk6XKNZIdExzOQelTXBmqrbzNN_
1 > Connection: Keep-Alive
1 > Host: gorest.co.in
1 > User-Agent: Apache-HttpClient/4.5.11 (Java/1.8.0_202)

18:26:14.819 [main] DEBUG com.intuit.karate - response time in milliseconds: 1835.37
1 < 200
1 < Connection: keep-alive
1 < Content-Type: application/json; charset=UTF-8
1 < Date: Fri, 20 Mar 2020 12:56:14 GMT
1 < Link: <https://gorest.co.in/public-api/users?status=active&page=1>; rel=self, <https://gorest.co.in/public-api/users?status=active&page=2>; rel=next, <https://gorest.co.in/public-api/users?status=active&page=52>; rel=last
1 < Server: nginx
1 < Set-Cookie: _csrf=373aa40dde48e5dcfef058a9e6a6b0b4ff491c8a4f8d6761ea6376e75555352ba%3A2%3A%7Bi%3A0%3Bs%3A5%3A%22_csrf%22%3Bi%3A1%3Bs%3A32%3A%22LScWcJrJ4c4lXN9T1OZG5hTvfem_OcDw%22%3B%7D; path=/; HttpOnly
1 < Transfer-Encoding: chunked
1 < Vary: [Accept-Encoding, Accept]
1 < X-Frame-Options: sameorigin
1 < X-Pagination-Current-Page: 1
1 < X-Pagination-Page-Count: 52
1 < X-Pagination-Per-Page: 20
1 < X-Pagination-Total-Count: 1035
1 < X-Rate-Limit-Limit: 30
1 < X-Rate-Limit-Remaining: 29
1 < X-Rate-Limit-Reset: 2
{"_meta":{"success":true,"code":200,"message":"OK. Everything worked as expected.","totalCount":1035,"pageCount":52,"currentPage":1,"perPage":20,"rateLimit":{"limit":30,"remaining":29,"reset":2}},"result":[{"id":"364","first_name":"Wyman","last_name":"Keebler","gender":"male","dob":"1960-12-08","email":"flemke@example.org","phone":"1-865-422-5890 x7078","website":"http://www.block.info/animi-numquam-consequatur-voluptas-ut-dolorem-iure-quam","address":"2930 Jade Shoals\nNorth Sallyberg, TN 78085-3819","status":"active","_links":{"self":{"href":"https://gorest.co.in/public-api/users/364"},"edit":{"href":"https://gorest.co.in/public-api/users/364"},"avatar":{"href":"https://lorempixel.com/250/250/people/?68944"}}},{"id":"365","first_name":"Otto","last_name":"Purdy","gender":"male","dob":"1991-12-09","email":"cole.helene@example.com","phone":"1-309-461-4992 x4075","website":"http://mcdermott.info/ut-quasi-ad-voluptatibus-ratione-nihil-aut","address":"440 Sean Pine\nMurazikview, RI 36150","status":"active","_links":{"self":{"href":"https://gorest.co.in/public-api/users/365"},"edit":{"href":"https://gorest.co.in/public-api/users/365"},"avatar":{"href":"https://lorempixel.com/250/250/people/?87108"}}},{"id":"368","first_name":"Maryjane","last_name":"Huels","gender":"female","dob":"2011-06-15","email":"reilly.brakus@example.com","phone":"605-556-2129 x868","website":"http://beahan.com/dolores-voluptas-et-ducimus-esse-numquam","address":"8075 Torrey Gardens Apt. 536\nSibylchester, AL 39259-6968","status":"active","_links":{"self":{"href":"https://gorest.co.in/public-api/users/368"},"edit":{"href":"https://gorest.co.in/public-api/users/368"},"avatar":{"href":"https://lorempixel.com/250/250/people/?33702"}}},{"id":"370","first_name":"Hobart","last_name":"Schultz","gender":"male","dob":"1945-12-03","email":"marianna49@example.com","phone":"1-574-635-2460","website":"http://www.goldner.net/eum-asperiores-ea-autem-laudantium-animi","address":"5396 Emerson Shoals\nGustmouth, TN 75901-0772","status":"active","_links":{"self":{"href":"https://gorest.co.in/public-api/users/370"},"edit":{"href":"https://gorest.co.in/public-api/users/370"},"avatar":{"href":"https://lorempixel.com/250/250/people/?52679"}}},{"id":"374","first_name":"Manley","last_name":"Shields","gender":"male","dob":"1977-09-11","email":"qcormier@example.net","phone":"(798) 567-3992 x94233","website":"http://wehner.org/quisquam-temporibus-vel-dignissimos-voluptates-molestiae","address":"972 Auer Lakes Suite 362\nPagacland, TX 01450","status":"active","_links":{"self":{"href":"https://gorest.co.in/public-api/users/374"},"edit":{"href":"https://gorest.co.in/public-api/users/374"},"avatar":{"href":"https://lorempixel.com/250/250/people/?23569"}}},{"id":"375","first_name":"Adelbert","last_name":"Maggio","gender":"male","dob":"1977-11-03","email":"dolores.shields@example.com","phone":"1-465-697-3060 x253","website":"http://heidenreich.com/corporis-repudiandae-recusandae-distinctio-fugit","address":"8055 Kathryn Wells\nWest Webster, OR 92200","status":"active","_links":{"self":{"href":"https://gorest.co.in/public-api/users/375"},"edit":{"href":"https://gorest.co.in/public-api/users/375"},"avatar":{"href":"https://lorempixel.com/250/250/people/?66286"}}},{"id":"376","first_name":"Delphia","last_name":"Schultz","gender":"female","dob":"1981-10-31","email":"davion.hessel@example.org","phone":"1-982-768-7083 x995","website":"http://schmitt.net/debitis-consequatur-error-sapiente-velit-eveniet-a-qui","address":"8825 Roy Mission Apt. 481\nLillychester, IL 59826","status":"active","_links":{"self":{"href":"https://gorest.co.in/public-api/users/376"},"edit":{"href":"https://gorest.co.in/public-api/users/376"},"avatar":{"href":"https://lorempixel.com/250/250/people/?12427"}}},{"id":"377","first_name":"Zachery","last_name":"Sawayn","gender":"male","dob":"1944-06-06","email":"blick.darrell@example.com","phone":"(270) 377-5603","website":"http://www.oberbrunner.org/","address":"5027 Adams Knoll\nLake Maryjaneton, RI 03838-8499","status":"active","_links":{"self":{"href":"https://gorest.co.in/public-api/users/377"},"edit":{"href":"https://gorest.co.in/public-api/users/377"},"avatar":{"href":"https://lorempixel.com/250/250/people/?19893"}}},{"id":"380","first_name":"Tanner","last_name":"Willms","gender":"male","dob":"1940-10-30","email":"viviane21@example.org","phone":"1-917-942-2358","website":"http://glover.com/","address":"814 Jakob Walk\nFadelport, FL 23376","status":"active","_links":{"self":{"href":"https://gorest.co.in/public-api/users/380"},"edit":{"href":"https://gorest.co.in/public-api/users/380"},"avatar":{"href":"https://lorempixel.com/250/250/people/?31435"}}},{"id":"382","first_name":"Lisette","last_name":"Harber","gender":"female","dob":"2000-04-23","email":"kyra51@example.com","phone":"981-301-2072 x51135","website":"http://larson.com/voluptatem-in-eveniet-saepe-facere-rerum-nulla-expedita","address":"222 McCullough Greens\nSouth Kolby, AK 01812-3366","status":"active","_links":{"self":{"href":"https://gorest.co.in/public-api/users/382"},"edit":{"href":"https://gorest.co.in/public-api/users/382"},"avatar":{"href":"https://lorempixel.com/250/250/people/?28339"}}},{"id":"383","first_name":"Agustina","last_name":"Bednar","gender":"female","dob":"1952-11-22","email":"jasper.hane@example.org","phone":"491.678.6846","website":"http://www.oberbrunner.com/quod-rerum-quia-iste-eligendi-voluptatibus-eos-aliquam-sequi","address":"824 Fadel Knoll\nNew Mohammedton, NM 74874-2101","status":"active","_links":{"self":{"href":"https://gorest.co.in/public-api/users/383"},"edit":{"href":"https://gorest.co.in/public-api/users/383"},"avatar":{"href":"https://lorempixel.com/250/250/people/?70110"}}},{"id":"386","first_name":"Arnold","last_name":"Bednar","gender":"male","dob":"1923-10-31","email":"quinten01@example.org","phone":"1-280-701-0225 x0047","website":"http://adams.com/aperiam-ad-dolores-pariatur-sit.html","address":"52053 Herzog Branch Apt. 941\nHuelberg, WI 28892-7096","status":"active","_links":{"self":{"href":"https://gorest.co.in/public-api/users/386"},"edit":{"href":"https://gorest.co.in/public-api/users/386"},"avatar":{"href":"https://lorempixel.com/250/250/people/?93190"}}},{"id":"388","first_name":"Columbus","last_name":"Strosin","gender":"male","dob":"1980-10-09","email":"josh.schaefer@example.org","phone":"924-386-7213 x81688","website":"http://www.kihn.com/occaecati-suscipit-explicabo-odit-quia-sed","address":"71849 Ankunding Ramp\nNew Kobyborough, RI 55952-5406","status":"active","_links":{"self":{"href":"https://gorest.co.in/public-api/users/388"},"edit":{"href":"https://gorest.co.in/public-api/users/388"},"avatar":{"href":"https://lorempixel.com/250/250/people/?15847"}}},{"id":"389","first_name":"Gladyce","last_name":"Doyle","gender":"female","dob":"1977-01-08","email":"lavinia62@example.org","phone":"+1-798-854-2111","website":"http://blick.com/provident-iusto-praesentium-placeat.html","address":"687 Thiel Mountain Apt. 977\nKozeymouth, OH 64423-2163","status":"active","_links":{"self":{"href":"https://gorest.co.in/public-api/users/389"},"edit":{"href":"https://gorest.co.in/public-api/users/389"},"avatar":{"href":"https://lorempixel.com/250/250/people/?87755"}}},{"id":"390","first_name":"Adella","last_name":"Orn","gender":"female","dob":"1961-09-18","email":"koss.arely@example.net","phone":"(332) 725-8455 x86567","website":"http://www.ferry.com/ut-praesentium-accusamus-assumenda-laboriosam-nulla-aliquam-sit","address":"8566 McLaughlin Mission Suite 074\nBeahanland, NC 97189","status":"active","_links":{"self":{"href":"https://gorest.co.in/public-api/users/390"},"edit":{"href":"https://gorest.co.in/public-api/users/390"},"avatar":{"href":"https://lorempixel.com/250/250/people/?57333"}}},{"id":"391","first_name":"Green","last_name":"Schultz","gender":"male","dob":"1949-08-18","email":"qbashirian@example.org","phone":"751-593-1447 x2530","website":"http://www.braun.com/","address":"58539 Mraz Street\nGutmannfort, RI 01945-2710","status":"active","_links":{"self":{"href":"https://gorest.co.in/public-api/users/391"},"edit":{"href":"https://gorest.co.in/public-api/users/391"},"avatar":{"href":"https://lorempixel.com/250/250/people/?51351"}}},{"id":"395","first_name":"Lysanne","last_name":"Cartwright","gender":"female","dob":"2018-06-11","email":"whomenick@example.org","phone":"(978) 771-3069","website":"http://www.hodkiewicz.info/in-aliquam-saepe-sunt-incidunt-unde","address":"3008 Aaliyah Dam\nLake Devinfort, UT 05114-5722","status":"active","_links":{"self":{"href":"https://gorest.co.in/public-api/users/395"},"edit":{"href":"https://gorest.co.in/public-api/users/395"},"avatar":{"href":"https://lorempixel.com/250/250/people/?55235"}}},{"id":"397","first_name":"Garnett","last_name":"Mitchell","gender":"male","dob":"2011-11-26","email":"barton.cory@example.org","phone":"(887) 213-8924","website":"https://www.feeney.com/quis-dolores-aut-sed-unde","address":"74973 Franecki Mountain Apt. 106\nWilfridmouth, IA 51483-9570","status":"active","_links":{"self":{"href":"https://gorest.co.in/public-api/users/397"},"edit":{"href":"https://gorest.co.in/public-api/users/397"},"avatar":{"href":"https://lorempixel.com/250/250/people/?67524"}}},{"id":"398","first_name":"Stephanie","last_name":"Robel","gender":"female","dob":"1927-09-16","email":"rowe.eleanore@example.com","phone":"596.658.7604","website":"http://braun.org/ut-odit-incidunt-omnis-suscipit-ex-et-cum.html","address":"655 Camila Rapid Apt. 364\nTristinville, MO 47712","status":"active","_links":{"self":{"href":"https://gorest.co.in/public-api/users/398"},"edit":{"href":"https://gorest.co.in/public-api/users/398"},"avatar":{"href":"https://lorempixel.com/250/250/people/?16517"}}},{"id":"400","first_name":"Lina","last_name":"Langosh","gender":"female","dob":"2008-03-24","email":"nolan.bailey@example.net","phone":"241.355.8684 x46729","website":"https://www.will.com/ipsam-accusantium-illum-rerum","address":"9562 Predovic Prairie\nOwenland, GA 92081-7334","status":"active","_links":{"self":{"href":"https://gorest.co.in/public-api/users/400"},"edit":{"href":"https://gorest.co.in/public-api/users/400"},"avatar":{"href":"https://lorempixel.com/250/250/people/?67132"}}}]}

18:26:14.837 [main] INFO  com.intuit.karate - [print] 30
18:26:14.849 [main] INFO  com.intuit.karate - [print] The total count is::: 1035
18:26:14.858 [main] ERROR com.intuit.karate - assertion failed: path: $, actual: 1035, expected: 1024, reason: not equal (Integer)
---------------------------------------------------------
feature: classpath:examples/users/gorestusers.feature
scenarios:  1 | passed:  0 | failed:  1 | time: 1.8805
---------------------------------------------------------

HTML report: (paste into browser to view) | Karate version: 0.9.5
file:/G:/VS%20Projects/karatedemo/karate-practice/target/surefire-reports/examples.users.gorestusers.html
---------------------------------------------------------

]]></system-out>
  </testcase>
  <testcase name="testAll[5][1]" classname="examples.ExamplesTest" time="28.894"/>
  <testcase name="testAll[6][1]" classname="examples.ExamplesTest" time="1.754"/>
  <testcase name="testAll[6][2]" classname="examples.ExamplesTest" time="1.393"/>
</testsuite>